processing define gnarly
routing define gnarly
matching...
"http://li572-168.members.linode.com/words.json"
received 200
{"gnarly"=>["Gnarled; misshapen.", "Slang   Remarkable; outstanding.", "Slang   Unpleasant; disgusting."]}
"gnarly"
"String"
["Gnarled; misshapen.", "Slang   Remarkable; outstanding.", "Slang   Unpleasant; disgusting."]
processing define gnarly
routing define gnarly
matching...
"http://li572-168.members.linode.com/words.json"
received 200
{"gnarly"=>["Gnarled; misshapen.", "Slang   Remarkable; outstanding.", "Slang   Unpleasant; disgusting."]}
"gnarly"
"String"
["Gnarled; misshapen.", "Slang   Remarkable; outstanding.", "Slang   Unpleasant; disgusting."]
processing define gnarly
routing define gnarly
matching...
"http://li572-168.members.linode.com/words.json"
received 200
{"gnarly"=>["Gnarled; misshapen.", "Slang   Remarkable; outstanding.", "Slang   Unpleasant; disgusting."]}
"gnarly"
"String"
["Gnarled; misshapen.", "Slang   Remarkable; outstanding.", "Slang   Unpleasant; disgusting."]
processing define gnarly
routing define gnarly
matching...
"http://li572-168.members.linode.com/words.json"
received 200
{"gnarly"=>["Gnarled; misshapen.", "Slang   Remarkable; outstanding.", "Slang   Unpleasant; disgusting."]}
"gnarly"
"String"
["Gnarled; misshapen.", "Slang   Remarkable; outstanding.", "Slang   Unpleasant; disgusting."]
processing define gnarly
routing define gnarly
matching...
"http://li572-168.members.linode.com/words.json"
received 200
{"gnarly"=>["Gnarled; misshapen.", "Slang   Remarkable; outstanding.", "Slang   Unpleasant; disgusting."]}
"gnarly"
"String"
["Gnarled; misshapen.", "Slang   Remarkable; outstanding.", "Slang   Unpleasant; disgusting."]
processing define gnarly
routing define gnarly
matching...
"http://li572-168.members.linode.com/words.json"
received 200
{"gnarly"=>["Gnarled; misshapen.", "Slang   Remarkable; outstanding.", "Slang   Unpleasant; disgusting."]}
"gnarly"
"String"
["Gnarled; misshapen.", "Slang   Remarkable; outstanding.", "Slang   Unpleasant; disgusting."]
== Sinatra/1.4.4 has taken the stage on 3002 for development with backup from Thin
Thin web server (v1.6.2 codename Doc Brown)
Maximum connections set to 1024
Listening on 0.0.0.0:3002, CTRL+C to stop
processing define gnarled
routing define gnarled
matching...
"http://li572-168.members.linode.com/words.json"
received 200
{"gnarled"=>["Having gnarls; knotty or misshapen:  gnarled branches. ", "Morose or peevish; crabbed.", "Rugged and roughened, as from old age or work:  the gnarled hands of a carpenter. "]}
"gnarled"
"String"
["Having gnarls; knotty or misshapen:  gnarled branches. ", "Morose or peevish; crabbed.", "Rugged and roughened, as from old age or work:  the gnarled hands of a carpenter. "]
processing Define gnarled
routing Define gnarled
matching...
"http://li572-168.members.linode.com/words.json"
received 200
{"gnarled"=>["Having gnarls; knotty or misshapen:  gnarled branches. ", "Morose or peevish; crabbed.", "Rugged and roughened, as from old age or work:  the gnarled hands of a carpenter. "]}
"gnarled"
"String"
["Having gnarls; knotty or misshapen:  gnarled branches. ", "Morose or peevish; crabbed.", "Rugged and roughened, as from old age or work:  the gnarled hands of a carpenter. "]
processing ping
routing ping
matching...
processing Define ethereal
routing Define ethereal
matching...
"http://li572-168.members.linode.com/words.json"
received 200
{"ethereal"=>["Characterized by lightness and insubstantiality; intangible.", "Highly refined; delicate. See Synonyms at airy.", "Of the celestial spheres; heavenly.", "Not of this world; spiritual.", "Chemistry   Of or relating to ether."]}
"ethereal"
"String"
["Characterized by lightness and insubstantiality; intangible.", "Highly refined; delicate. See Synonyms at airy.", "Of the celestial spheres; heavenly.", "Not of this world; spiritual.", "Chemistry   Of or relating to ether."]
processing Hi Reginald
routing Hi Reginald
matching...
processing Define untenable
routing Define untenable
matching...
"http://li572-168.members.linode.com/words.json"
received 200
{"untenable"=>["Being such that defense or maintenance is impossible:  an untenable position. ", "Being such that occupation or habitation is impossible:  untenable quarters. "]}
"untenable"
"String"
["Being such that defense or maintenance is impossible:  an untenable position. ", "Being such that occupation or habitation is impossible:  untenable quarters. "]
processing Define tantamount
routing Define tantamount
matching...
"http://li572-168.members.linode.com/words.json"
received 200
{"tantamount"=>["Equivalent in effect or value:  a request tantamount to a demand. "]}
"tantamount"
"String"
["Equivalent in effect or value:  a request tantamount to a demand. "]
processing Define gnarled
routing Define gnarled
matching...
"http://li572-168.members.linode.com/words.json"
received 200
{"gnarled"=>["Having gnarls; knotty or misshapen:  gnarled branches. ", "Morose or peevish; crabbed.", "Rugged and roughened, as from old age or work:  the gnarled hands of a carpenter. "]}
"gnarled"
"String"
["Having gnarls; knotty or misshapen:  gnarled branches. ", "Morose or peevish; crabbed.", "Rugged and roughened, as from old age or work:  the gnarled hands of a carpenter. "]
processing Define mausoleum
routing Define mausoleum
matching...
"http://li572-168.members.linode.com/words.json"
received 200
{"mausoleum"=>["A large stately tomb or a building housing such a tomb or several tombs.", "A gloomy, usually large room or building."]}
"mausoleum"
"String"
["A large stately tomb or a building housing such a tomb or several tombs.", "A gloomy, usually large room or building."]
processing Define mausoleum
routing Define mausoleum
matching...
"http://li572-168.members.linode.com/words.json"
received 200
{"mausoleum"=>["A large stately tomb or a building housing such a tomb or several tombs.", "A gloomy, usually large room or building."]}
"mausoleum"
"String"
["A large stately tomb or a building housing such a tomb or several tombs.", "A gloomy, usually large room or building."]
processing define gnarly
routing define gnarly
matching...
"http://li572-168.members.linode.com/words.json"
received 200
{"gnarly"=>["Gnarled; misshapen.", "Slang   Remarkable; outstanding.", "Slang   Unpleasant; disgusting."]}
"gnarly"
"String"
["Gnarled; misshapen.", "Slang   Remarkable; outstanding.", "Slang   Unpleasant; disgusting."]
== Sinatra has ended his set (crowd applauds)
Stream Error (see-other-host): 
/home/goggin/.rvm/gems/ruby-2.0.0-p353/gems/blather-1.0.0/lib/blather/client/client.rb:232:in `block in setup_initial_handlers'
/home/goggin/.rvm/gems/ruby-2.0.0-p353/gems/blather-1.0.0/lib/blather/client/client.rb:295:in `call'
/home/goggin/.rvm/gems/ruby-2.0.0-p353/gems/blather-1.0.0/lib/blather/client/client.rb:295:in `call_handler'
/home/goggin/.rvm/gems/ruby-2.0.0-p353/gems/blather-1.0.0/lib/blather/client/client.rb:286:in `block (2 levels) in call_handler_for'
/home/goggin/.rvm/gems/ruby-2.0.0-p353/gems/blather-1.0.0/lib/blather/client/client.rb:286:in `catch'
/home/goggin/.rvm/gems/ruby-2.0.0-p353/gems/blather-1.0.0/lib/blather/client/client.rb:286:in `block in call_handler_for'
/home/goggin/.rvm/gems/ruby-2.0.0-p353/gems/blather-1.0.0/lib/blather/client/client.rb:285:in `each'
/home/goggin/.rvm/gems/ruby-2.0.0-p353/gems/blather-1.0.0/lib/blather/client/client.rb:285:in `find'
/home/goggin/.rvm/gems/ruby-2.0.0-p353/gems/blather-1.0.0/lib/blather/client/client.rb:285:in `call_handler_for'
/home/goggin/.rvm/gems/ruby-2.0.0-p353/gems/blather-1.0.0/lib/blather/client/client.rb:278:in `block in handle_stanza'
/home/goggin/.rvm/gems/ruby-2.0.0-p353/gems/blather-1.0.0/lib/blather/client/client.rb:277:in `each'
/home/goggin/.rvm/gems/ruby-2.0.0-p353/gems/blather-1.0.0/lib/blather/client/client.rb:277:in `handle_stanza'
/home/goggin/.rvm/gems/ruby-2.0.0-p353/gems/blather-1.0.0/lib/blather/client/client.rb:194:in `block in handle_data'
/home/goggin/.rvm/gems/ruby-2.0.0-p353/gems/blather-1.0.0/lib/blather/client/client.rb:192:in `catch'
/home/goggin/.rvm/gems/ruby-2.0.0-p353/gems/blather-1.0.0/lib/blather/client/client.rb:192:in `handle_data'
/home/goggin/.rvm/gems/ruby-2.0.0-p353/gems/blather-1.0.0/lib/blather/client/client.rb:63:in `block in initialize'
/home/goggin/.rvm/gems/ruby-2.0.0-p353/gems/girl_friday-0.11.2/lib/girl_friday/work_queue.rb:147:in `call'
/home/goggin/.rvm/gems/ruby-2.0.0-p353/gems/girl_friday-0.11.2/lib/girl_friday/work_queue.rb:147:in `block (2 levels) in start'
/home/goggin/.rvm/gems/ruby-2.0.0-p353/gems/girl_friday-0.11.2/lib/girl_friday/actor.rb:86:in `call'
/home/goggin/.rvm/gems/ruby-2.0.0-p353/gems/girl_friday-0.11.2/lib/girl_friday/actor.rb:86:in `block in spawn_link'
/home/goggin/.rvm/gems/ruby-2.0.0-p353/gems/girl_friday-0.11.2/lib/girl_friday/actor.rb:69:in `call'
/home/goggin/.rvm/gems/ruby-2.0.0-p353/gems/girl_friday-0.11.2/lib/girl_friday/actor.rb:69:in `block (2 levels) in spawn'
/home/goggin/.rvm/gems/ruby-2.0.0-p353/gems/girl_friday-0.11.2/lib/girl_friday/actor.rb:212:in `block in initialize'
/home/goggin/.rvm/gems/ruby-2.0.0-p353/gems/girl_friday-0.11.2/lib/girl_friday/actor.rb:377:in `watchdog'
/home/goggin/.rvm/gems/ruby-2.0.0-p353/gems/girl_friday-0.11.2/lib/girl_friday/actor.rb:212:in `initialize'
/home/goggin/.rvm/gems/ruby-2.0.0-p353/gems/girl_friday-0.11.2/lib/girl_friday/actor.rb:66:in `new'
/home/goggin/.rvm/gems/ruby-2.0.0-p353/gems/girl_friday-0.11.2/lib/girl_friday/actor.rb:66:in `block in spawn'
== Sinatra/1.4.4 has taken the stage on 3002 for development with backup from Thin
Thin web server (v1.6.2 codename Doc Brown)
Maximum connections set to 1024
Listening on 0.0.0.0:3002, CTRL+C to stop
processing define aphoristic
routing define aphoristic
"http://li572-168.members.linode.com/words.json"
received 200
{"aphoristic"=>["of, relating to, or containing aphorisms, maxims or epigrams; gnomic"]}
"aphoristic"
"String"
["of, relating to, or containing aphorisms, maxims or epigrams; gnomic"]
processing define aphorism
routing define aphorism
"http://li572-168.members.linode.com/words.json"
received 200
{"aphorism"=>["A tersely phrased statement of a truth or opinion; an adage. See Synonyms at saying.", "A brief statement of a principle."]}
"aphorism"
"String"
["A tersely phrased statement of a truth or opinion; an adage. See Synonyms at saying.", "A brief statement of a principle."]
processing define adage
routing define adage
"http://li572-168.members.linode.com/words.json"
received 200
{"adage"=>["A saying that sets forth a general truth and that has gained credit through long use. See Synonyms at saying. See Usage Note at redundancy."]}
"adage"
"String"
["A saying that sets forth a general truth and that has gained credit through long use. See Synonyms at saying. See Usage Note at redundancy."]
processing define epigram
routing define epigram
"http://li572-168.members.linode.com/words.json"
received 200
{"epigram"=>["A short, witty poem expressing a single thought or observation.", "A concise, clever, often paradoxical statement. See Synonyms at saying.", "Epigrammatic discourse or expression."]}
"epigram"
"String"
["A short, witty poem expressing a single thought or observation.", "A concise, clever, often paradoxical statement. See Synonyms at saying.", "Epigrammatic discourse or expression."]
processing define maxim
routing define maxim
"http://li572-168.members.linode.com/words.json"
received 200
{"maxim"=>["A succinct formulation of a fundamental principle, general truth, or rule of conduct. See Synonyms at saying."]}
"maxim"
"String"
["A succinct formulation of a fundamental principle, general truth, or rule of conduct. See Synonyms at saying."]
processing define intractible
routing define intractible
"http://li572-168.members.linode.com/words.json"
== Sinatra has ended his set (crowd applauds)
== Sinatra/1.4.4 has taken the stage on 3002 for development with backup from Thin
== Sinatra has ended his set (crowd applauds)
== Sinatra/1.4.4 has taken the stage on 3002 for development with backup from Thin
Thin web server (v1.6.2 codename Doc Brown)
Maximum connections set to 1024
Listening on 0.0.0.0:3002, CTRL+C to stop
"http://li572-168.members.linode.com/words.json"
received 200
{"lurid"=>["Causing shock or horror; gruesome.", "Marked by sensationalism:  a lurid account of the crime.  See Synonyms at ghastly.", "Glowing or shining with the glare of fire through a haze:  lurid flames. ", "Sallow or pallid in color."]}
"lurid"
"String"
["Causing shock or horror; gruesome.", "Marked by sensationalism:  a lurid account of the crime.  See Synonyms at ghastly.", "Glowing or shining with the glare of fire through a haze:  lurid flames. ", "Sallow or pallid in color."]
"http://li572-168.members.linode.com/words.json"
received 200
{"lurid"=>["Causing shock or horror; gruesome.", "Marked by sensationalism:  a lurid account of the crime.  See Synonyms at ghastly.", "Glowing or shining with the glare of fire through a haze:  lurid flames. ", "Sallow or pallid in color."]}
"lurid"
"String"
["Causing shock or horror; gruesome.", "Marked by sensationalism:  a lurid account of the crime.  See Synonyms at ghastly.", "Glowing or shining with the glare of fire through a haze:  lurid flames. ", "Sallow or pallid in color."]
Twilio::REST::RequestError - A 'From' phone number is required.:
	/home/goggin/.rvm/gems/ruby-2.0.0-p353/gems/twilio-ruby-3.11.5/lib/twilio-ruby/rest/client.rb:229:in `connect_and_send'
	/home/goggin/.rvm/gems/ruby-2.0.0-p353/gems/twilio-ruby-3.11.5/lib/twilio-ruby/rest/client.rb:168:in `block (2 levels) in <class:Client>'
	/home/goggin/.rvm/gems/ruby-2.0.0-p353/gems/twilio-ruby-3.11.5/lib/twilio-ruby/rest/list_resource.rb:91:in `create'
	/home/goggin/projects/reginald/lib/reginald/twilio_message.rb:10:in `reply'
	/home/goggin/projects/butler/controllers/definitions_controller.rb:23:in `block in define'
	/home/goggin/projects/butler/controllers/definitions_controller.rb:22:in `each'
	/home/goggin/projects/butler/controllers/definitions_controller.rb:22:in `define'
	/home/goggin/projects/reginald/lib/reginald/router.rb:17:in `block in route'
	/home/goggin/projects/reginald/lib/reginald/router.rb:10:in `each'
	/home/goggin/projects/reginald/lib/reginald/router.rb:10:in `route'
	/home/goggin/projects/reginald/lib/reginald/reginald.rb:21:in `process_message'
	/home/goggin/projects/reginald/lib/reginald/twilio_listener.rb:39:in `process_message'
	/home/goggin/projects/reginald/lib/reginald/twilio_listener.rb:44:in `block in <class:TwilioListenerApp>'
	/home/goggin/.rvm/gems/ruby-2.0.0-p353/gems/sinatra-1.4.4/lib/sinatra/base.rb:1593:in `call'
	/home/goggin/.rvm/gems/ruby-2.0.0-p353/gems/sinatra-1.4.4/lib/sinatra/base.rb:1593:in `block in compile!'
	/home/goggin/.rvm/gems/ruby-2.0.0-p353/gems/sinatra-1.4.4/lib/sinatra/base.rb:957:in `[]'
	/home/goggin/.rvm/gems/ruby-2.0.0-p353/gems/sinatra-1.4.4/lib/sinatra/base.rb:957:in `block (3 levels) in route!'
	/home/goggin/.rvm/gems/ruby-2.0.0-p353/gems/sinatra-1.4.4/lib/sinatra/base.rb:976:in `route_eval'
	/home/goggin/.rvm/gems/ruby-2.0.0-p353/gems/sinatra-1.4.4/lib/sinatra/base.rb:957:in `block (2 levels) in route!'
	/home/goggin/.rvm/gems/ruby-2.0.0-p353/gems/sinatra-1.4.4/lib/sinatra/base.rb:997:in `block in process_route'
	/home/goggin/.rvm/gems/ruby-2.0.0-p353/gems/sinatra-1.4.4/lib/sinatra/base.rb:995:in `catch'
	/home/goggin/.rvm/gems/ruby-2.0.0-p353/gems/sinatra-1.4.4/lib/sinatra/base.rb:995:in `process_route'
	/home/goggin/.rvm/gems/ruby-2.0.0-p353/gems/sinatra-1.4.4/lib/sinatra/base.rb:955:in `block in route!'
	/home/goggin/.rvm/gems/ruby-2.0.0-p353/gems/sinatra-1.4.4/lib/sinatra/base.rb:954:in `each'
	/home/goggin/.rvm/gems/ruby-2.0.0-p353/gems/sinatra-1.4.4/lib/sinatra/base.rb:954:in `route!'
	/home/goggin/.rvm/gems/ruby-2.0.0-p353/gems/sinatra-1.4.4/lib/sinatra/base.rb:1067:in `block in dispatch!'
	/home/goggin/.rvm/gems/ruby-2.0.0-p353/gems/sinatra-1.4.4/lib/sinatra/base.rb:1049:in `block in invoke'
	/home/goggin/.rvm/gems/ruby-2.0.0-p353/gems/sinatra-1.4.4/lib/sinatra/base.rb:1049:in `catch'
	/home/goggin/.rvm/gems/ruby-2.0.0-p353/gems/sinatra-1.4.4/lib/sinatra/base.rb:1049:in `invoke'
	/home/goggin/.rvm/gems/ruby-2.0.0-p353/gems/sinatra-1.4.4/lib/sinatra/base.rb:1064:in `dispatch!'
	/home/goggin/.rvm/gems/ruby-2.0.0-p353/gems/sinatra-1.4.4/lib/sinatra/base.rb:889:in `block in call!'
	/home/goggin/.rvm/gems/ruby-2.0.0-p353/gems/sinatra-1.4.4/lib/sinatra/base.rb:1049:in `block in invoke'
	/home/goggin/.rvm/gems/ruby-2.0.0-p353/gems/sinatra-1.4.4/lib/sinatra/base.rb:1049:in `catch'
	/home/goggin/.rvm/gems/ruby-2.0.0-p353/gems/sinatra-1.4.4/lib/sinatra/base.rb:1049:in `invoke'
	/home/goggin/.rvm/gems/ruby-2.0.0-p353/gems/sinatra-1.4.4/lib/sinatra/base.rb:889:in `call!'
	/home/goggin/.rvm/gems/ruby-2.0.0-p353/gems/sinatra-1.4.4/lib/sinatra/base.rb:877:in `call'
	/home/goggin/.rvm/gems/ruby-2.0.0-p353/gems/rack-protection-1.5.2/lib/rack/protection/xss_header.rb:18:in `call'
	/home/goggin/.rvm/gems/ruby-2.0.0-p353/gems/rack-protection-1.5.2/lib/rack/protection/path_traversal.rb:16:in `call'
	/home/goggin/.rvm/gems/ruby-2.0.0-p353/gems/rack-protection-1.5.2/lib/rack/protection/json_csrf.rb:18:in `call'
	/home/goggin/.rvm/gems/ruby-2.0.0-p353/gems/rack-protection-1.5.2/lib/rack/protection/base.rb:50:in `call'
	/home/goggin/.rvm/gems/ruby-2.0.0-p353/gems/rack-protection-1.5.2/lib/rack/protection/base.rb:50:in `call'
	/home/goggin/.rvm/gems/ruby-2.0.0-p353/gems/rack-protection-1.5.2/lib/rack/protection/frame_options.rb:31:in `call'
	/home/goggin/.rvm/gems/ruby-2.0.0-p353/gems/rack-1.5.2/lib/rack/nulllogger.rb:9:in `call'
	/home/goggin/.rvm/gems/ruby-2.0.0-p353/gems/rack-1.5.2/lib/rack/head.rb:11:in `call'
	/home/goggin/.rvm/gems/ruby-2.0.0-p353/gems/sinatra-1.4.4/lib/sinatra/show_exceptions.rb:21:in `call'
	/home/goggin/.rvm/gems/ruby-2.0.0-p353/gems/sinatra-1.4.4/lib/sinatra/base.rb:180:in `call'
	/home/goggin/.rvm/gems/ruby-2.0.0-p353/gems/sinatra-1.4.4/lib/sinatra/base.rb:2004:in `call'
	/home/goggin/.rvm/gems/ruby-2.0.0-p353/gems/sinatra-1.4.4/lib/sinatra/base.rb:1469:in `block in call'
	/home/goggin/.rvm/gems/ruby-2.0.0-p353/gems/sinatra-1.4.4/lib/sinatra/base.rb:1778:in `synchronize'
	/home/goggin/.rvm/gems/ruby-2.0.0-p353/gems/sinatra-1.4.4/lib/sinatra/base.rb:1469:in `call'
	/home/goggin/.rvm/gems/ruby-2.0.0-p353/gems/thin-1.6.2/lib/thin/connection.rb:86:in `block in pre_process'
	/home/goggin/.rvm/gems/ruby-2.0.0-p353/gems/thin-1.6.2/lib/thin/connection.rb:84:in `catch'
	/home/goggin/.rvm/gems/ruby-2.0.0-p353/gems/thin-1.6.2/lib/thin/connection.rb:84:in `pre_process'
	/home/goggin/.rvm/gems/ruby-2.0.0-p353/gems/eventmachine-1.0.3/lib/eventmachine.rb:1037:in `call'
	/home/goggin/.rvm/gems/ruby-2.0.0-p353/gems/eventmachine-1.0.3/lib/eventmachine.rb:1037:in `block in spawn_threadpool'
== Sinatra has ended his set (crowd applauds)
== Sinatra/1.4.4 has taken the stage on 3002 for development with backup from Thin
Thin web server (v1.6.2 codename Doc Brown)
Maximum connections set to 1024
Listening on 0.0.0.0:3002, CTRL+C to stop
"http://li572-168.members.linode.com/words.json"
received 200
{"lurid"=>["Causing shock or horror; gruesome.", "Marked by sensationalism:  a lurid account of the crime.  See Synonyms at ghastly.", "Glowing or shining with the glare of fire through a haze:  lurid flames. ", "Sallow or pallid in color."]}
"lurid"
"String"
["Causing shock or horror; gruesome.", "Marked by sensationalism:  a lurid account of the crime.  See Synonyms at ghastly.", "Glowing or shining with the glare of fire through a haze:  lurid flames. ", "Sallow or pallid in color."]
== Sinatra has ended his set (crowd applauds)
== Sinatra/1.4.4 has taken the stage on 3002 for development with backup from Thin
uninitialized constant PingController
/home/goggin/projects/reginald/lib/reginald/router.rb:23:in `const_get'
/home/goggin/projects/reginald/lib/reginald/router.rb:23:in `_classify'
/home/goggin/projects/reginald/lib/reginald/router.rb:16:in `block in route'
/home/goggin/projects/reginald/lib/reginald/router.rb:10:in `each'
/home/goggin/projects/reginald/lib/reginald/router.rb:10:in `route'
/home/goggin/projects/reginald/lib/reginald/reginald.rb:21:in `process_message'
/home/goggin/projects/reginald/lib/reginald/xmpp_listener.rb:19:in `block in listen_for_chats'
/home/goggin/.rvm/gems/ruby-2.0.0-p353/gems/blather-1.0.0/lib/blather/client/client.rb:295:in `call'
/home/goggin/.rvm/gems/ruby-2.0.0-p353/gems/blather-1.0.0/lib/blather/client/client.rb:295:in `call_handler'
/home/goggin/.rvm/gems/ruby-2.0.0-p353/gems/blather-1.0.0/lib/blather/client/client.rb:286:in `block (2 levels) in call_handler_for'
/home/goggin/.rvm/gems/ruby-2.0.0-p353/gems/blather-1.0.0/lib/blather/client/client.rb:286:in `catch'
/home/goggin/.rvm/gems/ruby-2.0.0-p353/gems/blather-1.0.0/lib/blather/client/client.rb:286:in `block in call_handler_for'
/home/goggin/.rvm/gems/ruby-2.0.0-p353/gems/blather-1.0.0/lib/blather/client/client.rb:285:in `each'
/home/goggin/.rvm/gems/ruby-2.0.0-p353/gems/blather-1.0.0/lib/blather/client/client.rb:285:in `find'
/home/goggin/.rvm/gems/ruby-2.0.0-p353/gems/blather-1.0.0/lib/blather/client/client.rb:285:in `call_handler_for'
/home/goggin/.rvm/gems/ruby-2.0.0-p353/gems/blather-1.0.0/lib/blather/client/client.rb:278:in `block in handle_stanza'
/home/goggin/.rvm/gems/ruby-2.0.0-p353/gems/blather-1.0.0/lib/blather/client/client.rb:277:in `each'
/home/goggin/.rvm/gems/ruby-2.0.0-p353/gems/blather-1.0.0/lib/blather/client/client.rb:277:in `handle_stanza'
/home/goggin/.rvm/gems/ruby-2.0.0-p353/gems/blather-1.0.0/lib/blather/client/client.rb:194:in `block in handle_data'
/home/goggin/.rvm/gems/ruby-2.0.0-p353/gems/blather-1.0.0/lib/blather/client/client.rb:192:in `catch'
/home/goggin/.rvm/gems/ruby-2.0.0-p353/gems/blather-1.0.0/lib/blather/client/client.rb:192:in `handle_data'
/home/goggin/.rvm/gems/ruby-2.0.0-p353/gems/blather-1.0.0/lib/blather/client/client.rb:63:in `block in initialize'
/home/goggin/.rvm/gems/ruby-2.0.0-p353/gems/girl_friday-0.11.2/lib/girl_friday/work_queue.rb:147:in `call'
/home/goggin/.rvm/gems/ruby-2.0.0-p353/gems/girl_friday-0.11.2/lib/girl_friday/work_queue.rb:147:in `block (2 levels) in start'
/home/goggin/.rvm/gems/ruby-2.0.0-p353/gems/girl_friday-0.11.2/lib/girl_friday/actor.rb:86:in `call'
/home/goggin/.rvm/gems/ruby-2.0.0-p353/gems/girl_friday-0.11.2/lib/girl_friday/actor.rb:86:in `block in spawn_link'
/home/goggin/.rvm/gems/ruby-2.0.0-p353/gems/girl_friday-0.11.2/lib/girl_friday/actor.rb:69:in `call'
/home/goggin/.rvm/gems/ruby-2.0.0-p353/gems/girl_friday-0.11.2/lib/girl_friday/actor.rb:69:in `block (2 levels) in spawn'
/home/goggin/.rvm/gems/ruby-2.0.0-p353/gems/girl_friday-0.11.2/lib/girl_friday/actor.rb:212:in `block in initialize'
/home/goggin/.rvm/gems/ruby-2.0.0-p353/gems/girl_friday-0.11.2/lib/girl_friday/actor.rb:377:in `watchdog'
/home/goggin/.rvm/gems/ruby-2.0.0-p353/gems/girl_friday-0.11.2/lib/girl_friday/actor.rb:212:in `initialize'
/home/goggin/.rvm/gems/ruby-2.0.0-p353/gems/girl_friday-0.11.2/lib/girl_friday/actor.rb:66:in `new'
/home/goggin/.rvm/gems/ruby-2.0.0-p353/gems/girl_friday-0.11.2/lib/girl_friday/actor.rb:66:in `block in spawn'
== Sinatra has ended his set (crowd applauds)
== Sinatra/1.4.4 has taken the stage on 3002 for development with backup from Thin
